#
# A fatal error has been detected by the Java Runtime Environment:
#
#  Internal Error (classFileParser.cpp:3494), pid=13975, tid=140326326253312
#  Error: ShouldNotReachHere()
#
# JRE version: 6.0_27-b27
# Java VM: OpenJDK 64-Bit Server VM (20.0-b12 mixed mode linux-amd64 compressed oops)
# Derivative: IcedTea6 1.12.6
# Distribution: Ubuntu 12.04 LTS, package 6b27-1.12.6-1ubuntu0.12.04.2
# If you would like to submit a bug report, please include
# instructions how to reproduce the bug and visit:
#   https://bugs.launchpad.net/ubuntu/+source/openjdk-6/
#

---------------  T H R E A D  ---------------

Current thread (0x00007fa03c008000):  JavaThread "Unknown thread" [_thread_in_vm, id=13980, stack(0x00007fa044c43000,0x00007fa044d44000)]

Stack: [0x00007fa044c43000,0x00007fa044d44000],  sp=0x00007fa044d42080,  free space=1020k
Native frames: (J=compiled Java code, j=interpreted, Vv=VM code, C=native code)
V  [libjvm.so+0x782b65]  VMError::report(outputStream*)+0x1255
V  [libjvm.so+0x782de9]  VMError::report_and_die()+0x169
V  [libjvm.so+0x3ba4fa]  report_vm_error(char const*, int, char const*, char const*)+0x4a
V  [libjvm.so+0x3508d5]  ClassFileParser::parseClassFile(symbolHandle, Handle, Handle, KlassHandle, GrowableArray<Handle>*, symbolHandle&, bool, Thread*)+0x1555
V  [libjvm.so+0x354b43]  ClassLoader::load_classfile(symbolHandle, Thread*)+0x1f3
V  [libjvm.so+0x71ad64]  SystemDictionary::load_instance_class(symbolHandle, Handle, Thread*)+0x354
V  [libjvm.so+0x719460]  SystemDictionary::resolve_instance_class_or_null(symbolHandle, Handle, Handle, Thread*)+0x7c0
V  [libjvm.so+0x71b3f3]  SystemDictionary::resolve_or_fail(symbolHandle, Handle, Handle, bool, Thread*)+0x33
V  [libjvm.so+0x71b4d4]  SystemDictionary::resolve_or_fail(symbolHandle, bool, Thread*)+0x14
V  [libjvm.so+0x71b580]  SystemDictionary::initialize_wk_klass(SystemDictionary::WKID, int, Thread*)+0xa0
V  [libjvm.so+0x71b5e9]  SystemDictionary::initialize_wk_klasses_until(SystemDictionary::WKID, SystemDictionary::WKID&, Thread*)+0x59
V  [libjvm.so+0x71b6e1]  SystemDictionary::initialize_preloaded_classes(Thread*)+0x71
V  [libjvm.so+0x75edff]  Universe::genesis(Thread*)+0x11f
V  [libjvm.so+0x75f7af]  universe2_init()+0x1f
V  [libjvm.so+0x472dc5]  init_globals()+0x95
V  [libjvm.so+0x7495fa]  Threads::create_vm(JavaVMInitArgs*, bool*)+0x1ea
V  [libjvm.so+0x4ccc91]  JNI_CreateJavaVM+0x61
C  [java+0x317e]  JavaMain+0x7e


---------------  P R O C E S S  ---------------

Java Threads: ( => current thread )

Other Threads:

=>0x00007fa03c008000 (exited) JavaThread "Unknown thread" [_thread_in_vm, id=13980, stack(0x00007fa044c43000,0x00007fa044d44000)]

VM state:not at safepoint (not fully initialized)

VM Mutex/Monitor currently owned by a thread: None

Dynamic libraries:
00400000-00409000 r-xp 00000000 07:00 560485                             /usr/lib/jvm/java-6-openjdk-amd64/jre/bin/java
00608000-00609000 r--p 00008000 07:00 560485                             /usr/lib/jvm/java-6-openjdk-amd64/jre/bin/java
00609000-0060a000 rw-p 00009000 07:00 560485                             /usr/lib/jvm/java-6-openjdk-amd64/jre/bin/java
0087f000-008a0000 rw-p 00000000 00:00 0                                  [heap]
77ac00000-77c0c0000 rw-p 00000000 00:00 0 
77c0c0000-785200000 rw-p 00000000 00:00 0 
785200000-78a3f0000 rw-p 00000000 00:00 0 
78a3f0000-7d70b0000 rw-p 00000000 00:00 0 
7d70b0000-7d99a0000 rw-p 00000000 00:00 0 
7d99a0000-800000000 rw-p 00000000 00:00 0 
7fa01c000000-7fa01c021000 rw-p 00000000 00:00 0 
7fa01c021000-7fa020000000 ---p 00000000 00:00 0 
7fa024000000-7fa024021000 rw-p 00000000 00:00 0 
7fa024021000-7fa028000000 ---p 00000000 00:00 0 
7fa02c000000-7fa02c021000 rw-p 00000000 00:00 0 
7fa02c021000-7fa030000000 ---p 00000000 00:00 0 
7fa034000000-7fa034021000 rw-p 00000000 00:00 0 
7fa034021000-7fa038000000 ---p 00000000 00:00 0 
7fa039000000-7fa039270000 rwxp 00000000 00:00 0 
7fa039270000-7fa03c080000 rw-p 00000000 00:00 0 
7fa03c080000-7fa040000000 ---p 00000000 00:00 0 
7fa040ee3000-7fa040fad000 r--s 011ad000 07:00 1608240                    /home/guillaume/android-sdks/platforms/android-18/android.jar
7fa040fad000-7fa040fd5000 rw-p 00000000 00:00 0 
7fa040fd5000-7fa040fd6000 ---p 00000000 00:00 0 
7fa040fd6000-7fa0410d6000 rw-p 00000000 00:00 0                          [stack:13984]
7fa0410d6000-7fa0410d7000 ---p 00000000 00:00 0 
7fa0410d7000-7fa0411d7000 rw-p 00000000 00:00 0                          [stack:13983]
7fa0411d7000-7fa0411d8000 ---p 00000000 00:00 0 
7fa0411d8000-7fa0412d8000 rw-p 00000000 00:00 0                          [stack:13982]
7fa0412d8000-7fa0412d9000 ---p 00000000 00:00 0 
7fa0412d9000-7fa0413e4000 rw-p 00000000 00:00 0                          [stack:13981]
7fa0413e4000-7fa04142c000 rw-p 00000000 00:00 0 
7fa04142c000-7fa041455000 rw-p 00000000 00:00 0 
7fa041455000-7fa0416bc000 rw-p 00000000 00:00 0 
7fa0416bc000-7fa0416c7000 rw-p 00000000 00:00 0 
7fa0416c7000-7fa04170f000 rw-p 00000000 00:00 0 
7fa04170f000-7fa041738000 rw-p 00000000 00:00 0 
7fa041738000-7fa04199e000 rw-p 00000000 00:00 0 
7fa04199e000-7fa0419b3000 rw-p 00000000 00:00 0 
7fa0419b3000-7fa041ae6000 rw-p 00000000 00:00 0 
7fa041ae6000-7fa041ae7000 rw-p 00000000 00:00 0 
7fa041ae7000-7fa041aee000 r-xp 00000000 07:00 1937412                    /usr/lib/jvm/java-6-openjdk-amd64/jre/lib/amd64/libzip.so
7fa041aee000-7fa041ced000 ---p 00007000 07:00 1937412                    /usr/lib/jvm/java-6-openjdk-amd64/jre/lib/amd64/libzip.so
7fa041ced000-7fa041cee000 r--p 00006000 07:00 1937412                    /usr/lib/jvm/java-6-openjdk-amd64/jre/lib/amd64/libzip.so
7fa041cee000-7fa041cef000 rw-p 00007000 07:00 1937412                    /usr/lib/jvm/java-6-openjdk-amd64/jre/lib/amd64/libzip.so
7fa041cef000-7fa041cfb000 r-xp 00000000 07:00 161949                     /lib/x86_64-linux-gnu/libnss_files-2.15.so
7fa041cfb000-7fa041efa000 ---p 0000c000 07:00 161949                     /lib/x86_64-linux-gnu/libnss_files-2.15.so
7fa041efa000-7fa041efb000 r--p 0000b000 07:00 161949                     /lib/x86_64-linux-gnu/libnss_files-2.15.so
7fa041efb000-7fa041efc000 rw-p 0000c000 07:00 161949                     /lib/x86_64-linux-gnu/libnss_files-2.15.so
7fa041efc000-7fa041f06000 r-xp 00000000 07:00 161957                     /lib/x86_64-linux-gnu/libnss_nis-2.15.so
7fa041f06000-7fa042106000 ---p 0000a000 07:00 161957                     /lib/x86_64-linux-gnu/libnss_nis-2.15.so
7fa042106000-7fa042107000 r--p 0000a000 07:00 161957                     /lib/x86_64-linux-gnu/libnss_nis-2.15.so
7fa042107000-7fa042108000 rw-p 0000b000 07:00 161957                     /lib/x86_64-linux-gnu/libnss_nis-2.15.so
7fa042108000-7fa04211f000 r-xp 00000000 07:00 161972                     /lib/x86_64-linux-gnu/libnsl-2.15.so
7fa04211f000-7fa04231e000 ---p 00017000 07:00 161972                     /lib/x86_64-linux-gnu/libnsl-2.15.so
7fa04231e000-7fa04231f000 r--p 00016000 07:00 161972                     /lib/x86_64-linux-gnu/libnsl-2.15.so
7fa04231f000-7fa042320000 rw-p 00017000 07:00 161972                     /lib/x86_64-linux-gnu/libnsl-2.15.so
7fa042320000-7fa042322000 rw-p 00000000 00:00 0 
7fa042322000-7fa04232a000 r-xp 00000000 07:00 161945                     /lib/x86_64-linux-gnu/libnss_compat-2.15.so
7fa04232a000-7fa042529000 ---p 00008000 07:00 161945                     /lib/x86_64-linux-gnu/libnss_compat-2.15.so
7fa042529000-7fa04252a000 r--p 00007000 07:00 161945                     /lib/x86_64-linux-gnu/libnss_compat-2.15.so
7fa04252a000-7fa04252b000 rw-p 00008000 07:00 161945                     /lib/x86_64-linux-gnu/libnss_compat-2.15.so
7fa04252b000-7fa042557000 r-xp 00000000 07:00 1937411                    /usr/lib/jvm/java-6-openjdk-amd64/jre/lib/amd64/libjava.so
7fa042557000-7fa042756000 ---p 0002c000 07:00 1937411                    /usr/lib/jvm/java-6-openjdk-amd64/jre/lib/amd64/libjava.so
7fa042756000-7fa042757000 r--p 0002b000 07:00 1937411                    /usr/lib/jvm/java-6-openjdk-amd64/jre/lib/amd64/libjava.so
7fa042757000-7fa04275a000 rw-p 0002c000 07:00 1937411                    /usr/lib/jvm/java-6-openjdk-amd64/jre/lib/amd64/libjava.so
7fa04275a000-7fa042768000 r-xp 00000000 07:00 1937433                    /usr/lib/jvm/java-6-openjdk-amd64/jre/lib/amd64/libverify.so
7fa042768000-7fa042967000 ---p 0000e000 07:00 1937433                    /usr/lib/jvm/java-6-openjdk-amd64/jre/lib/amd64/libverify.so
7fa042967000-7fa042969000 r--p 0000d000 07:00 1937433                    /usr/lib/jvm/java-6-openjdk-amd64/jre/lib/amd64/libverify.so
7fa042969000-7fa04296a000 rw-p 0000f000 07:00 1937433                    /usr/lib/jvm/java-6-openjdk-amd64/jre/lib/amd64/libverify.so
7fa04296a000-7fa042971000 r-xp 00000000 07:00 161955                     /lib/x86_64-linux-gnu/librt-2.15.so
7fa042971000-7fa042b70000 ---p 00007000 07:00 161955                     /lib/x86_64-linux-gnu/librt-2.15.so
7fa042b70000-7fa042b71000 r--p 00006000 07:00 161955                     /lib/x86_64-linux-gnu/librt-2.15.so
7fa042b71000-7fa042b72000 rw-p 00007000 07:00 161955                     /lib/x86_64-linux-gnu/librt-2.15.so
7fa042b72000-7fa042b87000 r-xp 00000000 07:00 95252                      /lib/x86_64-linux-gnu/libgcc_s.so.1
7fa042b87000-7fa042d86000 ---p 00015000 07:00 95252                      /lib/x86_64-linux-gnu/libgcc_s.so.1
7fa042d86000-7fa042d87000 r--p 00014000 07:00 95252                      /lib/x86_64-linux-gnu/libgcc_s.so.1
7fa042d87000-7fa042d88000 rw-p 00015000 07:00 95252                      /lib/x86_64-linux-gnu/libgcc_s.so.1
7fa042d88000-7fa042e83000 r-xp 00000000 07:00 161963                     /lib/x86_64-linux-gnu/libm-2.15.so
7fa042e83000-7fa043082000 ---p 000fb000 07:00 161963                     /lib/x86_64-linux-gnu/libm-2.15.so
7fa043082000-7fa043083000 r--p 000fa000 07:00 161963                     /lib/x86_64-linux-gnu/libm-2.15.so
7fa043083000-7fa043084000 rw-p 000fb000 07:00 161963                     /lib/x86_64-linux-gnu/libm-2.15.so
7fa043084000-7fa043166000 r-xp 00000000 07:00 71449                      /usr/lib/x86_64-linux-gnu/libstdc++.so.6.0.16
7fa043166000-7fa043365000 ---p 000e2000 07:00 71449                      /usr/lib/x86_64-linux-gnu/libstdc++.so.6.0.16
7fa043365000-7fa04336d000 r--p 000e1000 07:00 71449                      /usr/lib/x86_64-linux-gnu/libstdc++.so.6.0.16
7fa04336d000-7fa04336f000 rw-p 000e9000 07:00 71449                      /usr/lib/x86_64-linux-gnu/libstdc++.so.6.0.16
7fa04336f000-7fa043384000 rw-p 00000000 00:00 0 
7fa043384000-7fa043c84000 r-xp 00000000 07:00 1964035                    /usr/lib/jvm/java-6-openjdk-amd64/jre/lib/amd64/server/libjvm.so
7fa043c84000-7fa043e84000 ---p 00900000 07:00 1964035                    /usr/lib/jvm/java-6-openjdk-amd64/jre/lib/amd64/server/libjvm.so
7fa043e84000-7fa043f05000 r--p 00900000 07:00 1964035                    /usr/lib/jvm/java-6-openjdk-amd64/jre/lib/amd64/server/libjvm.so
7fa043f05000-7fa043f20000 rw-p 00981000 07:00 1964035                    /usr/lib/jvm/java-6-openjdk-amd64/jre/lib/amd64/server/libjvm.so
7fa043f20000-7fa043f49000 rw-p 00000000 00:00 0 
7fa043f49000-7fa043f5f000 r-xp 00000000 07:00 95320                      /lib/x86_64-linux-gnu/libz.so.1.2.3.4
7fa043f5f000-7fa04415e000 ---p 00016000 07:00 95320                      /lib/x86_64-linux-gnu/libz.so.1.2.3.4
7fa04415e000-7fa04415f000 r--p 00015000 07:00 95320                      /lib/x86_64-linux-gnu/libz.so.1.2.3.4
7fa04415f000-7fa044160000 rw-p 00016000 07:00 95320                      /lib/x86_64-linux-gnu/libz.so.1.2.3.4
7fa044160000-7fa044315000 r-xp 00000000 07:00 184635                     /lib/x86_64-linux-gnu/libc-2.15.so
7fa044315000-7fa044515000 ---p 001b5000 07:00 184635                     /lib/x86_64-linux-gnu/libc-2.15.so
7fa044515000-7fa044519000 r--p 001b5000 07:00 184635                     /lib/x86_64-linux-gnu/libc-2.15.so
7fa044519000-7fa04451b000 rw-p 001b9000 07:00 184635                     /lib/x86_64-linux-gnu/libc-2.15.so
7fa04451b000-7fa044520000 rw-p 00000000 00:00 0 
7fa044520000-7fa044522000 r-xp 00000000 07:00 161967                     /lib/x86_64-linux-gnu/libdl-2.15.so
7fa044522000-7fa044722000 ---p 00002000 07:00 161967                     /lib/x86_64-linux-gnu/libdl-2.15.so
7fa044722000-7fa044723000 r--p 00002000 07:00 161967                     /lib/x86_64-linux-gnu/libdl-2.15.so
7fa044723000-7fa044724000 rw-p 00003000 07:00 161967                     /lib/x86_64-linux-gnu/libdl-2.15.so
7fa044724000-7fa044728000 r-xp 00000000 07:00 1941505                    /usr/lib/jvm/java-6-openjdk-amd64/jre/lib/amd64/jli/libjli.so
7fa044728000-7fa044927000 ---p 00004000 07:00 1941505                    /usr/lib/jvm/java-6-openjdk-amd64/jre/lib/amd64/jli/libjli.so
7fa044927000-7fa044928000 r--p 00003000 07:00 1941505                    /usr/lib/jvm/java-6-openjdk-amd64/jre/lib/amd64/jli/libjli.so
7fa044928000-7fa044929000 rw-p 00004000 07:00 1941505                    /usr/lib/jvm/java-6-openjdk-amd64/jre/lib/amd64/jli/libjli.so
7fa044929000-7fa044941000 r-xp 00000000 07:00 161959                     /lib/x86_64-linux-gnu/libpthread-2.15.so
7fa044941000-7fa044b40000 ---p 00018000 07:00 161959                     /lib/x86_64-linux-gnu/libpthread-2.15.so
7fa044b40000-7fa044b41000 r--p 00017000 07:00 161959                     /lib/x86_64-linux-gnu/libpthread-2.15.so
7fa044b41000-7fa044b42000 rw-p 00018000 07:00 161959                     /lib/x86_64-linux-gnu/libpthread-2.15.so
7fa044b42000-7fa044b46000 rw-p 00000000 00:00 0 
7fa044b46000-7fa044b68000 r-xp 00000000 07:00 161964                     /lib/x86_64-linux-gnu/ld-2.15.so
7fa044b83000-7fa044b8d000 rw-p 00000000 00:00 0 
7fa044b8d000-7fa044c43000 rw-p 00000000 00:00 0 
7fa044c43000-7fa044c46000 ---p 00000000 00:00 0 
7fa044c46000-7fa044d49000 rw-p 00000000 00:00 0                          [stack:13980]
7fa044d5c000-7fa044d64000 rw-s 00000000 07:00 2100233                    /tmp/hsperfdata_guillaume/13975
7fa044d64000-7fa044d65000 rw-p 00000000 00:00 0 
7fa044d65000-7fa044d66000 r--p 00000000 00:00 0 
7fa044d66000-7fa044d68000 rw-p 00000000 00:00 0 
7fa044d68000-7fa044d69000 r--p 00022000 07:00 161964                     /lib/x86_64-linux-gnu/ld-2.15.so
7fa044d69000-7fa044d6b000 rw-p 00023000 07:00 161964                     /lib/x86_64-linux-gnu/ld-2.15.so
7fff3e975000-7fff3e996000 rw-p 00000000 00:00 0                          [stack]
7fff3e9be000-7fff3e9bf000 r-xp 00000000 00:00 0                          [vdso]
ffffffffff600000-ffffffffff601000 r-xp 00000000 00:00 0                  [vsyscall]

VM Arguments:
jvm_args: -Dfile.encoding=UTF-8 -Xbootclasspath:/home/guillaume/android-sdks/platforms/android-18/android.jar 
java_command: com.giggs.apps.chaos.game.logic.GameTest
Launcher Type: SUN_STANDARD

Environment Variables:
PATH=/home/guillaume/bin:/usr/lib/lightdm/lightdm:/usr/local/sbin:/usr/local/bin:/usr/sbin:/usr/bin:/sbin:/bin:/usr/games
LD_LIBRARY_PATH=/usr/lib/jvm/java-6-openjdk-amd64/jre/lib/amd64/server:/usr/lib/jvm/java-6-openjdk-amd64/jre/lib/amd64:/usr/lib/jvm/java-6-openjdk-amd64/jre/../lib/amd64
SHELL=/bin/bash
DISPLAY=:0

Signal Handlers:
SIGSEGV: [libjvm.so+0x7837a0], sa_mask[0]=0x7ffbfeff, sa_flags=0x10000004
SIGBUS: [libjvm.so+0x7837a0], sa_mask[0]=0x7ffbfeff, sa_flags=0x10000004
SIGFPE: [libjvm.so+0x647720], sa_mask[0]=0x7ffbfeff, sa_flags=0x10000004
SIGPIPE: [libjvm.so+0x647720], sa_mask[0]=0x7ffbfeff, sa_flags=0x10000004
SIGXFSZ: [libjvm.so+0x647720], sa_mask[0]=0x7ffbfeff, sa_flags=0x10000004
SIGILL: [libjvm.so+0x647720], sa_mask[0]=0x7ffbfeff, sa_flags=0x10000004
SIGUSR1: SIG_DFL, sa_mask[0]=0x00000000, sa_flags=0x00000000
SIGUSR2: [libjvm.so+0x647900], sa_mask[0]=0x00000004, sa_flags=0x10000004
SIGHUP: SIG_DFL, sa_mask[0]=0x00000000, sa_flags=0x00000000
SIGINT: SIG_DFL, sa_mask[0]=0x00000000, sa_flags=0x00000000
SIGTERM: SIG_DFL, sa_mask[0]=0x00000000, sa_flags=0x00000000
SIGQUIT: SIG_DFL, sa_mask[0]=0x00000000, sa_flags=0x00000000


---------------  S Y S T E M  ---------------

OS:Ubuntu 12.04 (precise)
uname:Linux 3.5.0-43-generic #66~precise1-Ubuntu SMP Thu Oct 24 14:52:23 UTC 2013 x86_64
libc:glibc 2.15 NPTL 2.15 
rlimit: STACK 8192k, CORE 0k, NPROC 62734, NOFILE 4096, AS infinity
load average:0.58 0.53 0.57

/proc/meminfo:
MemTotal:        8048768 kB
MemFree:          344128 kB
Buffers:         2695484 kB
Cached:          3246928 kB
SwapCached:          248 kB
Active:          2951164 kB
Inactive:        4282504 kB
Active(anon):    1155412 kB
Inactive(anon):   599900 kB
Active(file):    1795752 kB
Inactive(file):  3682604 kB
Unevictable:        1632 kB
Mlocked:             148 kB
SwapTotal:        262140 kB
SwapFree:         260072 kB
Dirty:             13852 kB
Writeback:             0 kB
AnonPages:       1293592 kB
Mapped:           194928 kB
Shmem:            462144 kB
Slab:             351276 kB
SReclaimable:     313156 kB
SUnreclaim:        38120 kB
KernelStack:        3888 kB
PageTables:        26516 kB
NFS_Unstable:          0 kB
Bounce:                0 kB
WritebackTmp:          0 kB
CommitLimit:     4286524 kB
Committed_AS:    4611568 kB
VmallocTotal:   34359738367 kB
VmallocUsed:      371680 kB
VmallocChunk:   34359314892 kB
HardwareCorrupted:     0 kB
AnonHugePages:         0 kB
HugePages_Total:       0
HugePages_Free:        0
HugePages_Rsvd:        0
HugePages_Surp:        0
Hugepagesize:       2048 kB
DirectMap4k:       90112 kB
DirectMap2M:     8189952 kB


CPU:total 4 (2 cores per cpu, 2 threads per core) family 6 model 58 stepping 9, cmov, cx8, fxsr, mmx, sse, sse2, sse3, ssse3, sse4.1, sse4.2, popcnt, ht

Memory: 4k page, physical 8048768k(344128k free), swap 262140k(260072k free)

vm_info: OpenJDK 64-Bit Server VM (20.0-b12) for linux-amd64 JRE (1.6.0_27-b27), built on Jul 17 2013 13:53:24 by "buildd" with gcc 4.6.3

time: Wed Nov 20 12:09:49 2013
elapsed time: 0 seconds

