#
# A fatal error has been detected by the Java Runtime Environment:
#
#  Internal Error (classFileParser.cpp:3494), pid=14023, tid=140597988259584
#  Error: ShouldNotReachHere()
#
# JRE version: 6.0_27-b27
# Java VM: OpenJDK 64-Bit Server VM (20.0-b12 mixed mode linux-amd64 compressed oops)
# Derivative: IcedTea6 1.12.6
# Distribution: Ubuntu 12.04 LTS, package 6b27-1.12.6-1ubuntu0.12.04.2
# If you would like to submit a bug report, please include
# instructions how to reproduce the bug and visit:
#   https://bugs.launchpad.net/ubuntu/+source/openjdk-6/
#

---------------  T H R E A D  ---------------

Current thread (0x00007fdf7c008000):  JavaThread "Unknown thread" [_thread_in_vm, id=14024, stack(0x00007fdf85157000,0x00007fdf85258000)]

Stack: [0x00007fdf85157000,0x00007fdf85258000],  sp=0x00007fdf85256080,  free space=1020k
Native frames: (J=compiled Java code, j=interpreted, Vv=VM code, C=native code)
V  [libjvm.so+0x782b65]  VMError::report(outputStream*)+0x1255
V  [libjvm.so+0x782de9]  VMError::report_and_die()+0x169
V  [libjvm.so+0x3ba4fa]  report_vm_error(char const*, int, char const*, char const*)+0x4a
V  [libjvm.so+0x3508d5]  ClassFileParser::parseClassFile(symbolHandle, Handle, Handle, KlassHandle, GrowableArray<Handle>*, symbolHandle&, bool, Thread*)+0x1555
V  [libjvm.so+0x354b43]  ClassLoader::load_classfile(symbolHandle, Thread*)+0x1f3
V  [libjvm.so+0x71ad64]  SystemDictionary::load_instance_class(symbolHandle, Handle, Thread*)+0x354
V  [libjvm.so+0x719460]  SystemDictionary::resolve_instance_class_or_null(symbolHandle, Handle, Handle, Thread*)+0x7c0
V  [libjvm.so+0x71b3f3]  SystemDictionary::resolve_or_fail(symbolHandle, Handle, Handle, bool, Thread*)+0x33
V  [libjvm.so+0x71b4d4]  SystemDictionary::resolve_or_fail(symbolHandle, bool, Thread*)+0x14
V  [libjvm.so+0x71b580]  SystemDictionary::initialize_wk_klass(SystemDictionary::WKID, int, Thread*)+0xa0
V  [libjvm.so+0x71b5e9]  SystemDictionary::initialize_wk_klasses_until(SystemDictionary::WKID, SystemDictionary::WKID&, Thread*)+0x59
V  [libjvm.so+0x71b6e1]  SystemDictionary::initialize_preloaded_classes(Thread*)+0x71
V  [libjvm.so+0x75edff]  Universe::genesis(Thread*)+0x11f
V  [libjvm.so+0x75f7af]  universe2_init()+0x1f
V  [libjvm.so+0x472dc5]  init_globals()+0x95
V  [libjvm.so+0x7495fa]  Threads::create_vm(JavaVMInitArgs*, bool*)+0x1ea
V  [libjvm.so+0x4ccc91]  JNI_CreateJavaVM+0x61
C  [java+0x317e]  JavaMain+0x7e


---------------  P R O C E S S  ---------------

Java Threads: ( => current thread )

Other Threads:

=>0x00007fdf7c008000 (exited) JavaThread "Unknown thread" [_thread_in_vm, id=14024, stack(0x00007fdf85157000,0x00007fdf85258000)]

VM state:not at safepoint (not fully initialized)

VM Mutex/Monitor currently owned by a thread: None

Dynamic libraries:
00400000-00409000 r-xp 00000000 07:00 560485                             /usr/lib/jvm/java-6-openjdk-amd64/jre/bin/java
00608000-00609000 r--p 00008000 07:00 560485                             /usr/lib/jvm/java-6-openjdk-amd64/jre/bin/java
00609000-0060a000 rw-p 00009000 07:00 560485                             /usr/lib/jvm/java-6-openjdk-amd64/jre/bin/java
013a9000-013ca000 rw-p 00000000 00:00 0                                  [heap]
77ac00000-77c0c0000 rw-p 00000000 00:00 0 
77c0c0000-785200000 rw-p 00000000 00:00 0 
785200000-78a3f0000 rw-p 00000000 00:00 0 
78a3f0000-7d70b0000 rw-p 00000000 00:00 0 
7d70b0000-7d99a0000 rw-p 00000000 00:00 0 
7d99a0000-800000000 rw-p 00000000 00:00 0 
7fdf5c000000-7fdf5c021000 rw-p 00000000 00:00 0 
7fdf5c021000-7fdf60000000 ---p 00000000 00:00 0 
7fdf64000000-7fdf64021000 rw-p 00000000 00:00 0 
7fdf64021000-7fdf68000000 ---p 00000000 00:00 0 
7fdf6c000000-7fdf6c021000 rw-p 00000000 00:00 0 
7fdf6c021000-7fdf70000000 ---p 00000000 00:00 0 
7fdf74000000-7fdf74021000 rw-p 00000000 00:00 0 
7fdf74021000-7fdf78000000 ---p 00000000 00:00 0 
7fdf79000000-7fdf79270000 rwxp 00000000 00:00 0 
7fdf79270000-7fdf7c080000 rw-p 00000000 00:00 0 
7fdf7c080000-7fdf80000000 ---p 00000000 00:00 0 
7fdf813f7000-7fdf814c1000 r--s 011ad000 07:00 1608240                    /home/guillaume/android-sdks/platforms/android-18/android.jar
7fdf814c1000-7fdf814e9000 rw-p 00000000 00:00 0 
7fdf814e9000-7fdf814ea000 ---p 00000000 00:00 0 
7fdf814ea000-7fdf815ea000 rw-p 00000000 00:00 0                          [stack:14032]
7fdf815ea000-7fdf815eb000 ---p 00000000 00:00 0 
7fdf815eb000-7fdf816eb000 rw-p 00000000 00:00 0                          [stack:14031]
7fdf816eb000-7fdf816ec000 ---p 00000000 00:00 0 
7fdf816ec000-7fdf817ec000 rw-p 00000000 00:00 0                          [stack:14030]
7fdf817ec000-7fdf817ed000 ---p 00000000 00:00 0 
7fdf817ed000-7fdf818f8000 rw-p 00000000 00:00 0                          [stack:14029]
7fdf818f8000-7fdf81940000 rw-p 00000000 00:00 0 
7fdf81940000-7fdf81969000 rw-p 00000000 00:00 0 
7fdf81969000-7fdf81bd0000 rw-p 00000000 00:00 0 
7fdf81bd0000-7fdf81bdb000 rw-p 00000000 00:00 0 
7fdf81bdb000-7fdf81c23000 rw-p 00000000 00:00 0 
7fdf81c23000-7fdf81c4c000 rw-p 00000000 00:00 0 
7fdf81c4c000-7fdf81eb2000 rw-p 00000000 00:00 0 
7fdf81eb2000-7fdf81ec7000 rw-p 00000000 00:00 0 
7fdf81ec7000-7fdf81ffa000 rw-p 00000000 00:00 0 
7fdf81ffa000-7fdf81ffb000 rw-p 00000000 00:00 0 
7fdf81ffb000-7fdf82002000 r-xp 00000000 07:00 1937412                    /usr/lib/jvm/java-6-openjdk-amd64/jre/lib/amd64/libzip.so
7fdf82002000-7fdf82201000 ---p 00007000 07:00 1937412                    /usr/lib/jvm/java-6-openjdk-amd64/jre/lib/amd64/libzip.so
7fdf82201000-7fdf82202000 r--p 00006000 07:00 1937412                    /usr/lib/jvm/java-6-openjdk-amd64/jre/lib/amd64/libzip.so
7fdf82202000-7fdf82203000 rw-p 00007000 07:00 1937412                    /usr/lib/jvm/java-6-openjdk-amd64/jre/lib/amd64/libzip.so
7fdf82203000-7fdf8220f000 r-xp 00000000 07:00 161949                     /lib/x86_64-linux-gnu/libnss_files-2.15.so
7fdf8220f000-7fdf8240e000 ---p 0000c000 07:00 161949                     /lib/x86_64-linux-gnu/libnss_files-2.15.so
7fdf8240e000-7fdf8240f000 r--p 0000b000 07:00 161949                     /lib/x86_64-linux-gnu/libnss_files-2.15.so
7fdf8240f000-7fdf82410000 rw-p 0000c000 07:00 161949                     /lib/x86_64-linux-gnu/libnss_files-2.15.so
7fdf82410000-7fdf8241a000 r-xp 00000000 07:00 161957                     /lib/x86_64-linux-gnu/libnss_nis-2.15.so
7fdf8241a000-7fdf8261a000 ---p 0000a000 07:00 161957                     /lib/x86_64-linux-gnu/libnss_nis-2.15.so
7fdf8261a000-7fdf8261b000 r--p 0000a000 07:00 161957                     /lib/x86_64-linux-gnu/libnss_nis-2.15.so
7fdf8261b000-7fdf8261c000 rw-p 0000b000 07:00 161957                     /lib/x86_64-linux-gnu/libnss_nis-2.15.so
7fdf8261c000-7fdf82633000 r-xp 00000000 07:00 161972                     /lib/x86_64-linux-gnu/libnsl-2.15.so
7fdf82633000-7fdf82832000 ---p 00017000 07:00 161972                     /lib/x86_64-linux-gnu/libnsl-2.15.so
7fdf82832000-7fdf82833000 r--p 00016000 07:00 161972                     /lib/x86_64-linux-gnu/libnsl-2.15.so
7fdf82833000-7fdf82834000 rw-p 00017000 07:00 161972                     /lib/x86_64-linux-gnu/libnsl-2.15.so
7fdf82834000-7fdf82836000 rw-p 00000000 00:00 0 
7fdf82836000-7fdf8283e000 r-xp 00000000 07:00 161945                     /lib/x86_64-linux-gnu/libnss_compat-2.15.so
7fdf8283e000-7fdf82a3d000 ---p 00008000 07:00 161945                     /lib/x86_64-linux-gnu/libnss_compat-2.15.so
7fdf82a3d000-7fdf82a3e000 r--p 00007000 07:00 161945                     /lib/x86_64-linux-gnu/libnss_compat-2.15.so
7fdf82a3e000-7fdf82a3f000 rw-p 00008000 07:00 161945                     /lib/x86_64-linux-gnu/libnss_compat-2.15.so
7fdf82a3f000-7fdf82a6b000 r-xp 00000000 07:00 1937411                    /usr/lib/jvm/java-6-openjdk-amd64/jre/lib/amd64/libjava.so
7fdf82a6b000-7fdf82c6a000 ---p 0002c000 07:00 1937411                    /usr/lib/jvm/java-6-openjdk-amd64/jre/lib/amd64/libjava.so
7fdf82c6a000-7fdf82c6b000 r--p 0002b000 07:00 1937411                    /usr/lib/jvm/java-6-openjdk-amd64/jre/lib/amd64/libjava.so
7fdf82c6b000-7fdf82c6e000 rw-p 0002c000 07:00 1937411                    /usr/lib/jvm/java-6-openjdk-amd64/jre/lib/amd64/libjava.so
7fdf82c6e000-7fdf82c7c000 r-xp 00000000 07:00 1937433                    /usr/lib/jvm/java-6-openjdk-amd64/jre/lib/amd64/libverify.so
7fdf82c7c000-7fdf82e7b000 ---p 0000e000 07:00 1937433                    /usr/lib/jvm/java-6-openjdk-amd64/jre/lib/amd64/libverify.so
7fdf82e7b000-7fdf82e7d000 r--p 0000d000 07:00 1937433                    /usr/lib/jvm/java-6-openjdk-amd64/jre/lib/amd64/libverify.so
7fdf82e7d000-7fdf82e7e000 rw-p 0000f000 07:00 1937433                    /usr/lib/jvm/java-6-openjdk-amd64/jre/lib/amd64/libverify.so
7fdf82e7e000-7fdf82e85000 r-xp 00000000 07:00 161955                     /lib/x86_64-linux-gnu/librt-2.15.so
7fdf82e85000-7fdf83084000 ---p 00007000 07:00 161955                     /lib/x86_64-linux-gnu/librt-2.15.so
7fdf83084000-7fdf83085000 r--p 00006000 07:00 161955                     /lib/x86_64-linux-gnu/librt-2.15.so
7fdf83085000-7fdf83086000 rw-p 00007000 07:00 161955                     /lib/x86_64-linux-gnu/librt-2.15.so
7fdf83086000-7fdf8309b000 r-xp 00000000 07:00 95252                      /lib/x86_64-linux-gnu/libgcc_s.so.1
7fdf8309b000-7fdf8329a000 ---p 00015000 07:00 95252                      /lib/x86_64-linux-gnu/libgcc_s.so.1
7fdf8329a000-7fdf8329b000 r--p 00014000 07:00 95252                      /lib/x86_64-linux-gnu/libgcc_s.so.1
7fdf8329b000-7fdf8329c000 rw-p 00015000 07:00 95252                      /lib/x86_64-linux-gnu/libgcc_s.so.1
7fdf8329c000-7fdf83397000 r-xp 00000000 07:00 161963                     /lib/x86_64-linux-gnu/libm-2.15.so
7fdf83397000-7fdf83596000 ---p 000fb000 07:00 161963                     /lib/x86_64-linux-gnu/libm-2.15.so
7fdf83596000-7fdf83597000 r--p 000fa000 07:00 161963                     /lib/x86_64-linux-gnu/libm-2.15.so
7fdf83597000-7fdf83598000 rw-p 000fb000 07:00 161963                     /lib/x86_64-linux-gnu/libm-2.15.so
7fdf83598000-7fdf8367a000 r-xp 00000000 07:00 71449                      /usr/lib/x86_64-linux-gnu/libstdc++.so.6.0.16
7fdf8367a000-7fdf83879000 ---p 000e2000 07:00 71449                      /usr/lib/x86_64-linux-gnu/libstdc++.so.6.0.16
7fdf83879000-7fdf83881000 r--p 000e1000 07:00 71449                      /usr/lib/x86_64-linux-gnu/libstdc++.so.6.0.16
7fdf83881000-7fdf83883000 rw-p 000e9000 07:00 71449                      /usr/lib/x86_64-linux-gnu/libstdc++.so.6.0.16
7fdf83883000-7fdf83898000 rw-p 00000000 00:00 0 
7fdf83898000-7fdf84198000 r-xp 00000000 07:00 1964035                    /usr/lib/jvm/java-6-openjdk-amd64/jre/lib/amd64/server/libjvm.so
7fdf84198000-7fdf84398000 ---p 00900000 07:00 1964035                    /usr/lib/jvm/java-6-openjdk-amd64/jre/lib/amd64/server/libjvm.so
7fdf84398000-7fdf84419000 r--p 00900000 07:00 1964035                    /usr/lib/jvm/java-6-openjdk-amd64/jre/lib/amd64/server/libjvm.so
7fdf84419000-7fdf84434000 rw-p 00981000 07:00 1964035                    /usr/lib/jvm/java-6-openjdk-amd64/jre/lib/amd64/server/libjvm.so
7fdf84434000-7fdf8445d000 rw-p 00000000 00:00 0 
7fdf8445d000-7fdf84473000 r-xp 00000000 07:00 95320                      /lib/x86_64-linux-gnu/libz.so.1.2.3.4
7fdf84473000-7fdf84672000 ---p 00016000 07:00 95320                      /lib/x86_64-linux-gnu/libz.so.1.2.3.4
7fdf84672000-7fdf84673000 r--p 00015000 07:00 95320                      /lib/x86_64-linux-gnu/libz.so.1.2.3.4
7fdf84673000-7fdf84674000 rw-p 00016000 07:00 95320                      /lib/x86_64-linux-gnu/libz.so.1.2.3.4
7fdf84674000-7fdf84829000 r-xp 00000000 07:00 184635                     /lib/x86_64-linux-gnu/libc-2.15.so
7fdf84829000-7fdf84a29000 ---p 001b5000 07:00 184635                     /lib/x86_64-linux-gnu/libc-2.15.so
7fdf84a29000-7fdf84a2d000 r--p 001b5000 07:00 184635                     /lib/x86_64-linux-gnu/libc-2.15.so
7fdf84a2d000-7fdf84a2f000 rw-p 001b9000 07:00 184635                     /lib/x86_64-linux-gnu/libc-2.15.so
7fdf84a2f000-7fdf84a34000 rw-p 00000000 00:00 0 
7fdf84a34000-7fdf84a36000 r-xp 00000000 07:00 161967                     /lib/x86_64-linux-gnu/libdl-2.15.so
7fdf84a36000-7fdf84c36000 ---p 00002000 07:00 161967                     /lib/x86_64-linux-gnu/libdl-2.15.so
7fdf84c36000-7fdf84c37000 r--p 00002000 07:00 161967                     /lib/x86_64-linux-gnu/libdl-2.15.so
7fdf84c37000-7fdf84c38000 rw-p 00003000 07:00 161967                     /lib/x86_64-linux-gnu/libdl-2.15.so
7fdf84c38000-7fdf84c3c000 r-xp 00000000 07:00 1941505                    /usr/lib/jvm/java-6-openjdk-amd64/jre/lib/amd64/jli/libjli.so
7fdf84c3c000-7fdf84e3b000 ---p 00004000 07:00 1941505                    /usr/lib/jvm/java-6-openjdk-amd64/jre/lib/amd64/jli/libjli.so
7fdf84e3b000-7fdf84e3c000 r--p 00003000 07:00 1941505                    /usr/lib/jvm/java-6-openjdk-amd64/jre/lib/amd64/jli/libjli.so
7fdf84e3c000-7fdf84e3d000 rw-p 00004000 07:00 1941505                    /usr/lib/jvm/java-6-openjdk-amd64/jre/lib/amd64/jli/libjli.so
7fdf84e3d000-7fdf84e55000 r-xp 00000000 07:00 161959                     /lib/x86_64-linux-gnu/libpthread-2.15.so
7fdf84e55000-7fdf85054000 ---p 00018000 07:00 161959                     /lib/x86_64-linux-gnu/libpthread-2.15.so
7fdf85054000-7fdf85055000 r--p 00017000 07:00 161959                     /lib/x86_64-linux-gnu/libpthread-2.15.so
7fdf85055000-7fdf85056000 rw-p 00018000 07:00 161959                     /lib/x86_64-linux-gnu/libpthread-2.15.so
7fdf85056000-7fdf8505a000 rw-p 00000000 00:00 0 
7fdf8505a000-7fdf8507c000 r-xp 00000000 07:00 161964                     /lib/x86_64-linux-gnu/ld-2.15.so
7fdf85097000-7fdf850a1000 rw-p 00000000 00:00 0 
7fdf850a1000-7fdf85157000 rw-p 00000000 00:00 0 
7fdf85157000-7fdf8515a000 ---p 00000000 00:00 0 
7fdf8515a000-7fdf8525d000 rw-p 00000000 00:00 0                          [stack:14024]
7fdf85270000-7fdf85278000 rw-s 00000000 07:00 2100233                    /tmp/hsperfdata_guillaume/14023
7fdf85278000-7fdf85279000 rw-p 00000000 00:00 0 
7fdf85279000-7fdf8527a000 r--p 00000000 00:00 0 
7fdf8527a000-7fdf8527c000 rw-p 00000000 00:00 0 
7fdf8527c000-7fdf8527d000 r--p 00022000 07:00 161964                     /lib/x86_64-linux-gnu/ld-2.15.so
7fdf8527d000-7fdf8527f000 rw-p 00023000 07:00 161964                     /lib/x86_64-linux-gnu/ld-2.15.so
7fff83f90000-7fff83fb1000 rw-p 00000000 00:00 0                          [stack]
7fff83fcc000-7fff83fcd000 r-xp 00000000 00:00 0                          [vdso]
ffffffffff600000-ffffffffff601000 r-xp 00000000 00:00 0                  [vsyscall]

VM Arguments:
jvm_args: -Dfile.encoding=UTF-8 -Xbootclasspath:/home/guillaume/android-sdks/platforms/android-18/android.jar 
java_command: com.giggs.apps.chaos.game.logic.GameTest
Launcher Type: SUN_STANDARD

Environment Variables:
PATH=/home/guillaume/bin:/usr/lib/lightdm/lightdm:/usr/local/sbin:/usr/local/bin:/usr/sbin:/usr/bin:/sbin:/bin:/usr/games
LD_LIBRARY_PATH=/usr/lib/jvm/java-6-openjdk-amd64/jre/lib/amd64/server:/usr/lib/jvm/java-6-openjdk-amd64/jre/lib/amd64:/usr/lib/jvm/java-6-openjdk-amd64/jre/../lib/amd64
SHELL=/bin/bash
DISPLAY=:0

Signal Handlers:
SIGSEGV: [libjvm.so+0x7837a0], sa_mask[0]=0x7ffbfeff, sa_flags=0x10000004
SIGBUS: [libjvm.so+0x7837a0], sa_mask[0]=0x7ffbfeff, sa_flags=0x10000004
SIGFPE: [libjvm.so+0x647720], sa_mask[0]=0x7ffbfeff, sa_flags=0x10000004
SIGPIPE: [libjvm.so+0x647720], sa_mask[0]=0x7ffbfeff, sa_flags=0x10000004
SIGXFSZ: [libjvm.so+0x647720], sa_mask[0]=0x7ffbfeff, sa_flags=0x10000004
SIGILL: [libjvm.so+0x647720], sa_mask[0]=0x7ffbfeff, sa_flags=0x10000004
SIGUSR1: SIG_DFL, sa_mask[0]=0x00000000, sa_flags=0x00000000
SIGUSR2: [libjvm.so+0x647900], sa_mask[0]=0x00000004, sa_flags=0x10000004
SIGHUP: SIG_DFL, sa_mask[0]=0x00000000, sa_flags=0x00000000
SIGINT: SIG_DFL, sa_mask[0]=0x00000000, sa_flags=0x00000000
SIGTERM: SIG_DFL, sa_mask[0]=0x00000000, sa_flags=0x00000000
SIGQUIT: SIG_DFL, sa_mask[0]=0x00000000, sa_flags=0x00000000


---------------  S Y S T E M  ---------------

OS:Ubuntu 12.04 (precise)
uname:Linux 3.5.0-43-generic #66~precise1-Ubuntu SMP Thu Oct 24 14:52:23 UTC 2013 x86_64
libc:glibc 2.15 NPTL 2.15 
rlimit: STACK 8192k, CORE 0k, NPROC 62734, NOFILE 4096, AS infinity
load average:0.49 0.51 0.56

/proc/meminfo:
MemTotal:        8048768 kB
MemFree:          303600 kB
Buffers:         2704392 kB
Cached:          3259336 kB
SwapCached:          248 kB
Active:          2983216 kB
Inactive:        4291792 kB
Active(anon):    1180544 kB
Inactive(anon):   596620 kB
Active(file):    1802672 kB
Inactive(file):  3695172 kB
Unevictable:        1632 kB
Mlocked:             148 kB
SwapTotal:        262140 kB
SwapFree:         260072 kB
Dirty:             13524 kB
Writeback:             0 kB
AnonPages:       1312712 kB
Mapped:           195768 kB
Shmem:            464400 kB
Slab:             351636 kB
SReclaimable:     313672 kB
SUnreclaim:        37964 kB
KernelStack:        3888 kB
PageTables:        26980 kB
NFS_Unstable:          0 kB
Bounce:                0 kB
WritebackTmp:          0 kB
CommitLimit:     4286524 kB
Committed_AS:    4650760 kB
VmallocTotal:   34359738367 kB
VmallocUsed:      371732 kB
VmallocChunk:   34359314452 kB
HardwareCorrupted:     0 kB
AnonHugePages:         0 kB
HugePages_Total:       0
HugePages_Free:        0
HugePages_Rsvd:        0
HugePages_Surp:        0
Hugepagesize:       2048 kB
DirectMap4k:       90112 kB
DirectMap2M:     8189952 kB


CPU:total 4 (2 cores per cpu, 2 threads per core) family 6 model 58 stepping 9, cmov, cx8, fxsr, mmx, sse, sse2, sse3, ssse3, sse4.1, sse4.2, popcnt, ht

Memory: 4k page, physical 8048768k(303600k free), swap 262140k(260072k free)

vm_info: OpenJDK 64-Bit Server VM (20.0-b12) for linux-amd64 JRE (1.6.0_27-b27), built on Jul 17 2013 13:53:24 by "buildd" with gcc 4.6.3

time: Wed Nov 20 12:10:04 2013
elapsed time: 0 seconds

