#
# A fatal error has been detected by the Java Runtime Environment:
#
#  Internal Error (classFileParser.cpp:3494), pid=15435, tid=140061729474304
#  Error: ShouldNotReachHere()
#
# JRE version: 6.0_27-b27
# Java VM: OpenJDK 64-Bit Server VM (20.0-b12 mixed mode linux-amd64 compressed oops)
# Derivative: IcedTea6 1.12.6
# Distribution: Ubuntu 12.04 LTS, package 6b27-1.12.6-1ubuntu0.12.04.2
# If you would like to submit a bug report, please include
# instructions how to reproduce the bug and visit:
#   https://bugs.launchpad.net/ubuntu/+source/openjdk-6/
#

---------------  T H R E A D  ---------------

Current thread (0x00007f62a0008000):  JavaThread "Unknown thread" [_thread_in_vm, id=15440, stack(0x00007f62a991c000,0x00007f62a9a1d000)]

Stack: [0x00007f62a991c000,0x00007f62a9a1d000],  sp=0x00007f62a9a1b080,  free space=1020k
Native frames: (J=compiled Java code, j=interpreted, Vv=VM code, C=native code)
V  [libjvm.so+0x782b65]  VMError::report(outputStream*)+0x1255
V  [libjvm.so+0x782de9]  VMError::report_and_die()+0x169
V  [libjvm.so+0x3ba4fa]  report_vm_error(char const*, int, char const*, char const*)+0x4a
V  [libjvm.so+0x3508d5]  ClassFileParser::parseClassFile(symbolHandle, Handle, Handle, KlassHandle, GrowableArray<Handle>*, symbolHandle&, bool, Thread*)+0x1555
V  [libjvm.so+0x354b43]  ClassLoader::load_classfile(symbolHandle, Thread*)+0x1f3
V  [libjvm.so+0x71ad64]  SystemDictionary::load_instance_class(symbolHandle, Handle, Thread*)+0x354
V  [libjvm.so+0x719460]  SystemDictionary::resolve_instance_class_or_null(symbolHandle, Handle, Handle, Thread*)+0x7c0
V  [libjvm.so+0x71b3f3]  SystemDictionary::resolve_or_fail(symbolHandle, Handle, Handle, bool, Thread*)+0x33
V  [libjvm.so+0x71b4d4]  SystemDictionary::resolve_or_fail(symbolHandle, bool, Thread*)+0x14
V  [libjvm.so+0x71b580]  SystemDictionary::initialize_wk_klass(SystemDictionary::WKID, int, Thread*)+0xa0
V  [libjvm.so+0x71b5e9]  SystemDictionary::initialize_wk_klasses_until(SystemDictionary::WKID, SystemDictionary::WKID&, Thread*)+0x59
V  [libjvm.so+0x71b6e1]  SystemDictionary::initialize_preloaded_classes(Thread*)+0x71
V  [libjvm.so+0x75edff]  Universe::genesis(Thread*)+0x11f
V  [libjvm.so+0x75f7af]  universe2_init()+0x1f
V  [libjvm.so+0x472dc5]  init_globals()+0x95
V  [libjvm.so+0x7495fa]  Threads::create_vm(JavaVMInitArgs*, bool*)+0x1ea
V  [libjvm.so+0x4ccc91]  JNI_CreateJavaVM+0x61
C  [java+0x317e]  JavaMain+0x7e


---------------  P R O C E S S  ---------------

Java Threads: ( => current thread )

Other Threads:

=>0x00007f62a0008000 (exited) JavaThread "Unknown thread" [_thread_in_vm, id=15440, stack(0x00007f62a991c000,0x00007f62a9a1d000)]

VM state:not at safepoint (not fully initialized)

VM Mutex/Monitor currently owned by a thread: None

Dynamic libraries:
00400000-00409000 r-xp 00000000 07:00 560485                             /usr/lib/jvm/java-6-openjdk-amd64/jre/bin/java
00608000-00609000 r--p 00008000 07:00 560485                             /usr/lib/jvm/java-6-openjdk-amd64/jre/bin/java
00609000-0060a000 rw-p 00009000 07:00 560485                             /usr/lib/jvm/java-6-openjdk-amd64/jre/bin/java
01e2c000-01e4d000 rw-p 00000000 00:00 0                                  [heap]
77ac00000-77c0c0000 rw-p 00000000 00:00 0 
77c0c0000-785200000 rw-p 00000000 00:00 0 
785200000-78a3f0000 rw-p 00000000 00:00 0 
78a3f0000-7d70b0000 rw-p 00000000 00:00 0 
7d70b0000-7d99a0000 rw-p 00000000 00:00 0 
7d99a0000-800000000 rw-p 00000000 00:00 0 
7f6280000000-7f6280021000 rw-p 00000000 00:00 0 
7f6280021000-7f6284000000 ---p 00000000 00:00 0 
7f6288000000-7f6288021000 rw-p 00000000 00:00 0 
7f6288021000-7f628c000000 ---p 00000000 00:00 0 
7f6290000000-7f6290021000 rw-p 00000000 00:00 0 
7f6290021000-7f6294000000 ---p 00000000 00:00 0 
7f6298000000-7f6298021000 rw-p 00000000 00:00 0 
7f6298021000-7f629c000000 ---p 00000000 00:00 0 
7f629d000000-7f629d270000 rwxp 00000000 00:00 0 
7f629d270000-7f62a0080000 rw-p 00000000 00:00 0 
7f62a0080000-7f62a4000000 ---p 00000000 00:00 0 
7f62a5bbc000-7f62a5c86000 r--s 011ad000 07:00 1608240                    /home/guillaume/android-sdks/platforms/android-18/android.jar
7f62a5c86000-7f62a5cae000 rw-p 00000000 00:00 0 
7f62a5cae000-7f62a5caf000 ---p 00000000 00:00 0 
7f62a5caf000-7f62a5daf000 rw-p 00000000 00:00 0                          [stack:15444]
7f62a5daf000-7f62a5db0000 ---p 00000000 00:00 0 
7f62a5db0000-7f62a5eb0000 rw-p 00000000 00:00 0                          [stack:15443]
7f62a5eb0000-7f62a5eb1000 ---p 00000000 00:00 0 
7f62a5eb1000-7f62a5fb1000 rw-p 00000000 00:00 0                          [stack:15442]
7f62a5fb1000-7f62a5fb2000 ---p 00000000 00:00 0 
7f62a5fb2000-7f62a60bd000 rw-p 00000000 00:00 0                          [stack:15441]
7f62a60bd000-7f62a6105000 rw-p 00000000 00:00 0 
7f62a6105000-7f62a612e000 rw-p 00000000 00:00 0 
7f62a612e000-7f62a6395000 rw-p 00000000 00:00 0 
7f62a6395000-7f62a63a0000 rw-p 00000000 00:00 0 
7f62a63a0000-7f62a63e8000 rw-p 00000000 00:00 0 
7f62a63e8000-7f62a6411000 rw-p 00000000 00:00 0 
7f62a6411000-7f62a6677000 rw-p 00000000 00:00 0 
7f62a6677000-7f62a668c000 rw-p 00000000 00:00 0 
7f62a668c000-7f62a67bf000 rw-p 00000000 00:00 0 
7f62a67bf000-7f62a67c0000 rw-p 00000000 00:00 0 
7f62a67c0000-7f62a67c7000 r-xp 00000000 07:00 1937412                    /usr/lib/jvm/java-6-openjdk-amd64/jre/lib/amd64/libzip.so
7f62a67c7000-7f62a69c6000 ---p 00007000 07:00 1937412                    /usr/lib/jvm/java-6-openjdk-amd64/jre/lib/amd64/libzip.so
7f62a69c6000-7f62a69c7000 r--p 00006000 07:00 1937412                    /usr/lib/jvm/java-6-openjdk-amd64/jre/lib/amd64/libzip.so
7f62a69c7000-7f62a69c8000 rw-p 00007000 07:00 1937412                    /usr/lib/jvm/java-6-openjdk-amd64/jre/lib/amd64/libzip.so
7f62a69c8000-7f62a69d4000 r-xp 00000000 07:00 161949                     /lib/x86_64-linux-gnu/libnss_files-2.15.so
7f62a69d4000-7f62a6bd3000 ---p 0000c000 07:00 161949                     /lib/x86_64-linux-gnu/libnss_files-2.15.so
7f62a6bd3000-7f62a6bd4000 r--p 0000b000 07:00 161949                     /lib/x86_64-linux-gnu/libnss_files-2.15.so
7f62a6bd4000-7f62a6bd5000 rw-p 0000c000 07:00 161949                     /lib/x86_64-linux-gnu/libnss_files-2.15.so
7f62a6bd5000-7f62a6bdf000 r-xp 00000000 07:00 161957                     /lib/x86_64-linux-gnu/libnss_nis-2.15.so
7f62a6bdf000-7f62a6ddf000 ---p 0000a000 07:00 161957                     /lib/x86_64-linux-gnu/libnss_nis-2.15.so
7f62a6ddf000-7f62a6de0000 r--p 0000a000 07:00 161957                     /lib/x86_64-linux-gnu/libnss_nis-2.15.so
7f62a6de0000-7f62a6de1000 rw-p 0000b000 07:00 161957                     /lib/x86_64-linux-gnu/libnss_nis-2.15.so
7f62a6de1000-7f62a6df8000 r-xp 00000000 07:00 161972                     /lib/x86_64-linux-gnu/libnsl-2.15.so
7f62a6df8000-7f62a6ff7000 ---p 00017000 07:00 161972                     /lib/x86_64-linux-gnu/libnsl-2.15.so
7f62a6ff7000-7f62a6ff8000 r--p 00016000 07:00 161972                     /lib/x86_64-linux-gnu/libnsl-2.15.so
7f62a6ff8000-7f62a6ff9000 rw-p 00017000 07:00 161972                     /lib/x86_64-linux-gnu/libnsl-2.15.so
7f62a6ff9000-7f62a6ffb000 rw-p 00000000 00:00 0 
7f62a6ffb000-7f62a7003000 r-xp 00000000 07:00 161945                     /lib/x86_64-linux-gnu/libnss_compat-2.15.so
7f62a7003000-7f62a7202000 ---p 00008000 07:00 161945                     /lib/x86_64-linux-gnu/libnss_compat-2.15.so
7f62a7202000-7f62a7203000 r--p 00007000 07:00 161945                     /lib/x86_64-linux-gnu/libnss_compat-2.15.so
7f62a7203000-7f62a7204000 rw-p 00008000 07:00 161945                     /lib/x86_64-linux-gnu/libnss_compat-2.15.so
7f62a7204000-7f62a7230000 r-xp 00000000 07:00 1937411                    /usr/lib/jvm/java-6-openjdk-amd64/jre/lib/amd64/libjava.so
7f62a7230000-7f62a742f000 ---p 0002c000 07:00 1937411                    /usr/lib/jvm/java-6-openjdk-amd64/jre/lib/amd64/libjava.so
7f62a742f000-7f62a7430000 r--p 0002b000 07:00 1937411                    /usr/lib/jvm/java-6-openjdk-amd64/jre/lib/amd64/libjava.so
7f62a7430000-7f62a7433000 rw-p 0002c000 07:00 1937411                    /usr/lib/jvm/java-6-openjdk-amd64/jre/lib/amd64/libjava.so
7f62a7433000-7f62a7441000 r-xp 00000000 07:00 1937433                    /usr/lib/jvm/java-6-openjdk-amd64/jre/lib/amd64/libverify.so
7f62a7441000-7f62a7640000 ---p 0000e000 07:00 1937433                    /usr/lib/jvm/java-6-openjdk-amd64/jre/lib/amd64/libverify.so
7f62a7640000-7f62a7642000 r--p 0000d000 07:00 1937433                    /usr/lib/jvm/java-6-openjdk-amd64/jre/lib/amd64/libverify.so
7f62a7642000-7f62a7643000 rw-p 0000f000 07:00 1937433                    /usr/lib/jvm/java-6-openjdk-amd64/jre/lib/amd64/libverify.so
7f62a7643000-7f62a764a000 r-xp 00000000 07:00 161955                     /lib/x86_64-linux-gnu/librt-2.15.so
7f62a764a000-7f62a7849000 ---p 00007000 07:00 161955                     /lib/x86_64-linux-gnu/librt-2.15.so
7f62a7849000-7f62a784a000 r--p 00006000 07:00 161955                     /lib/x86_64-linux-gnu/librt-2.15.so
7f62a784a000-7f62a784b000 rw-p 00007000 07:00 161955                     /lib/x86_64-linux-gnu/librt-2.15.so
7f62a784b000-7f62a7860000 r-xp 00000000 07:00 95252                      /lib/x86_64-linux-gnu/libgcc_s.so.1
7f62a7860000-7f62a7a5f000 ---p 00015000 07:00 95252                      /lib/x86_64-linux-gnu/libgcc_s.so.1
7f62a7a5f000-7f62a7a60000 r--p 00014000 07:00 95252                      /lib/x86_64-linux-gnu/libgcc_s.so.1
7f62a7a60000-7f62a7a61000 rw-p 00015000 07:00 95252                      /lib/x86_64-linux-gnu/libgcc_s.so.1
7f62a7a61000-7f62a7b5c000 r-xp 00000000 07:00 161963                     /lib/x86_64-linux-gnu/libm-2.15.so
7f62a7b5c000-7f62a7d5b000 ---p 000fb000 07:00 161963                     /lib/x86_64-linux-gnu/libm-2.15.so
7f62a7d5b000-7f62a7d5c000 r--p 000fa000 07:00 161963                     /lib/x86_64-linux-gnu/libm-2.15.so
7f62a7d5c000-7f62a7d5d000 rw-p 000fb000 07:00 161963                     /lib/x86_64-linux-gnu/libm-2.15.so
7f62a7d5d000-7f62a7e3f000 r-xp 00000000 07:00 71449                      /usr/lib/x86_64-linux-gnu/libstdc++.so.6.0.16
7f62a7e3f000-7f62a803e000 ---p 000e2000 07:00 71449                      /usr/lib/x86_64-linux-gnu/libstdc++.so.6.0.16
7f62a803e000-7f62a8046000 r--p 000e1000 07:00 71449                      /usr/lib/x86_64-linux-gnu/libstdc++.so.6.0.16
7f62a8046000-7f62a8048000 rw-p 000e9000 07:00 71449                      /usr/lib/x86_64-linux-gnu/libstdc++.so.6.0.16
7f62a8048000-7f62a805d000 rw-p 00000000 00:00 0 
7f62a805d000-7f62a895d000 r-xp 00000000 07:00 1964035                    /usr/lib/jvm/java-6-openjdk-amd64/jre/lib/amd64/server/libjvm.so
7f62a895d000-7f62a8b5d000 ---p 00900000 07:00 1964035                    /usr/lib/jvm/java-6-openjdk-amd64/jre/lib/amd64/server/libjvm.so
7f62a8b5d000-7f62a8bde000 r--p 00900000 07:00 1964035                    /usr/lib/jvm/java-6-openjdk-amd64/jre/lib/amd64/server/libjvm.so
7f62a8bde000-7f62a8bf9000 rw-p 00981000 07:00 1964035                    /usr/lib/jvm/java-6-openjdk-amd64/jre/lib/amd64/server/libjvm.so
7f62a8bf9000-7f62a8c22000 rw-p 00000000 00:00 0 
7f62a8c22000-7f62a8c38000 r-xp 00000000 07:00 95320                      /lib/x86_64-linux-gnu/libz.so.1.2.3.4
7f62a8c38000-7f62a8e37000 ---p 00016000 07:00 95320                      /lib/x86_64-linux-gnu/libz.so.1.2.3.4
7f62a8e37000-7f62a8e38000 r--p 00015000 07:00 95320                      /lib/x86_64-linux-gnu/libz.so.1.2.3.4
7f62a8e38000-7f62a8e39000 rw-p 00016000 07:00 95320                      /lib/x86_64-linux-gnu/libz.so.1.2.3.4
7f62a8e39000-7f62a8fee000 r-xp 00000000 07:00 184635                     /lib/x86_64-linux-gnu/libc-2.15.so
7f62a8fee000-7f62a91ee000 ---p 001b5000 07:00 184635                     /lib/x86_64-linux-gnu/libc-2.15.so
7f62a91ee000-7f62a91f2000 r--p 001b5000 07:00 184635                     /lib/x86_64-linux-gnu/libc-2.15.so
7f62a91f2000-7f62a91f4000 rw-p 001b9000 07:00 184635                     /lib/x86_64-linux-gnu/libc-2.15.so
7f62a91f4000-7f62a91f9000 rw-p 00000000 00:00 0 
7f62a91f9000-7f62a91fb000 r-xp 00000000 07:00 161967                     /lib/x86_64-linux-gnu/libdl-2.15.so
7f62a91fb000-7f62a93fb000 ---p 00002000 07:00 161967                     /lib/x86_64-linux-gnu/libdl-2.15.so
7f62a93fb000-7f62a93fc000 r--p 00002000 07:00 161967                     /lib/x86_64-linux-gnu/libdl-2.15.so
7f62a93fc000-7f62a93fd000 rw-p 00003000 07:00 161967                     /lib/x86_64-linux-gnu/libdl-2.15.so
7f62a93fd000-7f62a9401000 r-xp 00000000 07:00 1941505                    /usr/lib/jvm/java-6-openjdk-amd64/jre/lib/amd64/jli/libjli.so
7f62a9401000-7f62a9600000 ---p 00004000 07:00 1941505                    /usr/lib/jvm/java-6-openjdk-amd64/jre/lib/amd64/jli/libjli.so
7f62a9600000-7f62a9601000 r--p 00003000 07:00 1941505                    /usr/lib/jvm/java-6-openjdk-amd64/jre/lib/amd64/jli/libjli.so
7f62a9601000-7f62a9602000 rw-p 00004000 07:00 1941505                    /usr/lib/jvm/java-6-openjdk-amd64/jre/lib/amd64/jli/libjli.so
7f62a9602000-7f62a961a000 r-xp 00000000 07:00 161959                     /lib/x86_64-linux-gnu/libpthread-2.15.so
7f62a961a000-7f62a9819000 ---p 00018000 07:00 161959                     /lib/x86_64-linux-gnu/libpthread-2.15.so
7f62a9819000-7f62a981a000 r--p 00017000 07:00 161959                     /lib/x86_64-linux-gnu/libpthread-2.15.so
7f62a981a000-7f62a981b000 rw-p 00018000 07:00 161959                     /lib/x86_64-linux-gnu/libpthread-2.15.so
7f62a981b000-7f62a981f000 rw-p 00000000 00:00 0 
7f62a981f000-7f62a9841000 r-xp 00000000 07:00 161964                     /lib/x86_64-linux-gnu/ld-2.15.so
7f62a985c000-7f62a9866000 rw-p 00000000 00:00 0 
7f62a9866000-7f62a991c000 rw-p 00000000 00:00 0 
7f62a991c000-7f62a991f000 ---p 00000000 00:00 0 
7f62a991f000-7f62a9a22000 rw-p 00000000 00:00 0                          [stack:15440]
7f62a9a35000-7f62a9a3d000 rw-s 00000000 07:00 2100233                    /tmp/hsperfdata_guillaume/15435
7f62a9a3d000-7f62a9a3e000 rw-p 00000000 00:00 0 
7f62a9a3e000-7f62a9a3f000 r--p 00000000 00:00 0 
7f62a9a3f000-7f62a9a41000 rw-p 00000000 00:00 0 
7f62a9a41000-7f62a9a42000 r--p 00022000 07:00 161964                     /lib/x86_64-linux-gnu/ld-2.15.so
7f62a9a42000-7f62a9a44000 rw-p 00023000 07:00 161964                     /lib/x86_64-linux-gnu/ld-2.15.so
7fff0e64c000-7fff0e66d000 rw-p 00000000 00:00 0                          [stack]
7fff0e71e000-7fff0e71f000 r-xp 00000000 00:00 0                          [vdso]
ffffffffff600000-ffffffffff601000 r-xp 00000000 00:00 0                  [vsyscall]

VM Arguments:
jvm_args: -Dfile.encoding=UTF-8 -Xbootclasspath:/home/guillaume/android-sdks/platforms/android-18/android.jar 
java_command: com.giggs.apps.chaos.game.logic.GameTest
Launcher Type: SUN_STANDARD

Environment Variables:
PATH=/home/guillaume/bin:/usr/lib/lightdm/lightdm:/usr/local/sbin:/usr/local/bin:/usr/sbin:/usr/bin:/sbin:/bin:/usr/games
LD_LIBRARY_PATH=/usr/lib/jvm/java-6-openjdk-amd64/jre/lib/amd64/server:/usr/lib/jvm/java-6-openjdk-amd64/jre/lib/amd64:/usr/lib/jvm/java-6-openjdk-amd64/jre/../lib/amd64
SHELL=/bin/bash
DISPLAY=:0

Signal Handlers:
SIGSEGV: [libjvm.so+0x7837a0], sa_mask[0]=0x7ffbfeff, sa_flags=0x10000004
SIGBUS: [libjvm.so+0x7837a0], sa_mask[0]=0x7ffbfeff, sa_flags=0x10000004
SIGFPE: [libjvm.so+0x647720], sa_mask[0]=0x7ffbfeff, sa_flags=0x10000004
SIGPIPE: [libjvm.so+0x647720], sa_mask[0]=0x7ffbfeff, sa_flags=0x10000004
SIGXFSZ: [libjvm.so+0x647720], sa_mask[0]=0x7ffbfeff, sa_flags=0x10000004
SIGILL: [libjvm.so+0x647720], sa_mask[0]=0x7ffbfeff, sa_flags=0x10000004
SIGUSR1: SIG_DFL, sa_mask[0]=0x00000000, sa_flags=0x00000000
SIGUSR2: [libjvm.so+0x647900], sa_mask[0]=0x00000004, sa_flags=0x10000004
SIGHUP: SIG_DFL, sa_mask[0]=0x00000000, sa_flags=0x00000000
SIGINT: SIG_DFL, sa_mask[0]=0x00000000, sa_flags=0x00000000
SIGTERM: SIG_DFL, sa_mask[0]=0x00000000, sa_flags=0x00000000
SIGQUIT: SIG_DFL, sa_mask[0]=0x00000000, sa_flags=0x00000000


---------------  S Y S T E M  ---------------

OS:Ubuntu 12.04 (precise)
uname:Linux 3.5.0-43-generic #66~precise1-Ubuntu SMP Thu Oct 24 14:52:23 UTC 2013 x86_64
libc:glibc 2.15 NPTL 2.15 
rlimit: STACK 8192k, CORE 0k, NPROC 62734, NOFILE 4096, AS infinity
load average:0.23 0.22 0.16

/proc/meminfo:
MemTotal:        8048768 kB
MemFree:          371880 kB
Buffers:         2624624 kB
Cached:          3242768 kB
SwapCached:          144 kB
Active:          3084280 kB
Inactive:        4122960 kB
Active(anon):    1189196 kB
Inactive(anon):   613628 kB
Active(file):    1895084 kB
Inactive(file):  3509332 kB
Unevictable:        1632 kB
Mlocked:             148 kB
SwapTotal:        262140 kB
SwapFree:         257224 kB
Dirty:               408 kB
Writeback:            28 kB
AnonPages:       1341276 kB
Mapped:           201500 kB
Shmem:            461492 kB
Slab:             350796 kB
SReclaimable:     313704 kB
SUnreclaim:        37092 kB
KernelStack:        3848 kB
PageTables:        26668 kB
NFS_Unstable:          0 kB
Bounce:                0 kB
WritebackTmp:          0 kB
CommitLimit:     4286524 kB
Committed_AS:    4609476 kB
VmallocTotal:   34359738367 kB
VmallocUsed:      371632 kB
VmallocChunk:   34359312464 kB
HardwareCorrupted:     0 kB
AnonHugePages:         0 kB
HugePages_Total:       0
HugePages_Free:        0
HugePages_Rsvd:        0
HugePages_Surp:        0
Hugepagesize:       2048 kB
DirectMap4k:       90112 kB
DirectMap2M:     8189952 kB


CPU:total 4 (2 cores per cpu, 2 threads per core) family 6 model 58 stepping 9, cmov, cx8, fxsr, mmx, sse, sse2, sse3, ssse3, sse4.1, sse4.2, popcnt, ht

Memory: 4k page, physical 8048768k(371880k free), swap 262140k(257224k free)

vm_info: OpenJDK 64-Bit Server VM (20.0-b12) for linux-amd64 JRE (1.6.0_27-b27), built on Jul 17 2013 13:53:24 by "buildd" with gcc 4.6.3

time: Wed Nov 20 14:04:12 2013
elapsed time: 0 seconds

