#
# A fatal error has been detected by the Java Runtime Environment:
#
#  Internal Error (classFileParser.cpp:3494), pid=14182, tid=140678772037376
#  Error: ShouldNotReachHere()
#
# JRE version: 6.0_27-b27
# Java VM: OpenJDK 64-Bit Server VM (20.0-b12 mixed mode linux-amd64 compressed oops)
# Derivative: IcedTea6 1.12.6
# Distribution: Ubuntu 12.04 LTS, package 6b27-1.12.6-1ubuntu0.12.04.2
# If you would like to submit a bug report, please include
# instructions how to reproduce the bug and visit:
#   https://bugs.launchpad.net/ubuntu/+source/openjdk-6/
#

---------------  T H R E A D  ---------------

Current thread (0x00007ff24c008000):  JavaThread "Unknown thread" [_thread_in_vm, id=14187, stack(0x00007ff2542c1000,0x00007ff2543c2000)]

Stack: [0x00007ff2542c1000,0x00007ff2543c2000],  sp=0x00007ff2543c0080,  free space=1020k
Native frames: (J=compiled Java code, j=interpreted, Vv=VM code, C=native code)
V  [libjvm.so+0x782b65]  VMError::report(outputStream*)+0x1255
V  [libjvm.so+0x782de9]  VMError::report_and_die()+0x169
V  [libjvm.so+0x3ba4fa]  report_vm_error(char const*, int, char const*, char const*)+0x4a
V  [libjvm.so+0x3508d5]  ClassFileParser::parseClassFile(symbolHandle, Handle, Handle, KlassHandle, GrowableArray<Handle>*, symbolHandle&, bool, Thread*)+0x1555
V  [libjvm.so+0x354b43]  ClassLoader::load_classfile(symbolHandle, Thread*)+0x1f3
V  [libjvm.so+0x71ad64]  SystemDictionary::load_instance_class(symbolHandle, Handle, Thread*)+0x354
V  [libjvm.so+0x719460]  SystemDictionary::resolve_instance_class_or_null(symbolHandle, Handle, Handle, Thread*)+0x7c0
V  [libjvm.so+0x71b3f3]  SystemDictionary::resolve_or_fail(symbolHandle, Handle, Handle, bool, Thread*)+0x33
V  [libjvm.so+0x71b4d4]  SystemDictionary::resolve_or_fail(symbolHandle, bool, Thread*)+0x14
V  [libjvm.so+0x71b580]  SystemDictionary::initialize_wk_klass(SystemDictionary::WKID, int, Thread*)+0xa0
V  [libjvm.so+0x71b5e9]  SystemDictionary::initialize_wk_klasses_until(SystemDictionary::WKID, SystemDictionary::WKID&, Thread*)+0x59
V  [libjvm.so+0x71b6e1]  SystemDictionary::initialize_preloaded_classes(Thread*)+0x71
V  [libjvm.so+0x75edff]  Universe::genesis(Thread*)+0x11f
V  [libjvm.so+0x75f7af]  universe2_init()+0x1f
V  [libjvm.so+0x472dc5]  init_globals()+0x95
V  [libjvm.so+0x7495fa]  Threads::create_vm(JavaVMInitArgs*, bool*)+0x1ea
V  [libjvm.so+0x4ccc91]  JNI_CreateJavaVM+0x61
C  [java+0x317e]  JavaMain+0x7e


---------------  P R O C E S S  ---------------

Java Threads: ( => current thread )

Other Threads:

=>0x00007ff24c008000 (exited) JavaThread "Unknown thread" [_thread_in_vm, id=14187, stack(0x00007ff2542c1000,0x00007ff2543c2000)]

VM state:not at safepoint (not fully initialized)

VM Mutex/Monitor currently owned by a thread: None

Dynamic libraries:
00400000-00409000 r-xp 00000000 07:00 560485                             /usr/lib/jvm/java-6-openjdk-amd64/jre/bin/java
00608000-00609000 r--p 00008000 07:00 560485                             /usr/lib/jvm/java-6-openjdk-amd64/jre/bin/java
00609000-0060a000 rw-p 00009000 07:00 560485                             /usr/lib/jvm/java-6-openjdk-amd64/jre/bin/java
011d8000-011f9000 rw-p 00000000 00:00 0                                  [heap]
77ac00000-77c0c0000 rw-p 00000000 00:00 0 
77c0c0000-785200000 rw-p 00000000 00:00 0 
785200000-78a3f0000 rw-p 00000000 00:00 0 
78a3f0000-7d70b0000 rw-p 00000000 00:00 0 
7d70b0000-7d99a0000 rw-p 00000000 00:00 0 
7d99a0000-800000000 rw-p 00000000 00:00 0 
7ff22c000000-7ff22c021000 rw-p 00000000 00:00 0 
7ff22c021000-7ff230000000 ---p 00000000 00:00 0 
7ff234000000-7ff234021000 rw-p 00000000 00:00 0 
7ff234021000-7ff238000000 ---p 00000000 00:00 0 
7ff23c000000-7ff23c021000 rw-p 00000000 00:00 0 
7ff23c021000-7ff240000000 ---p 00000000 00:00 0 
7ff244000000-7ff244021000 rw-p 00000000 00:00 0 
7ff244021000-7ff248000000 ---p 00000000 00:00 0 
7ff249000000-7ff249270000 rwxp 00000000 00:00 0 
7ff249270000-7ff24c080000 rw-p 00000000 00:00 0 
7ff24c080000-7ff250000000 ---p 00000000 00:00 0 
7ff250561000-7ff25062b000 r--s 011ad000 07:00 1608240                    /home/guillaume/android-sdks/platforms/android-18/android.jar
7ff25062b000-7ff250653000 rw-p 00000000 00:00 0 
7ff250653000-7ff250654000 ---p 00000000 00:00 0 
7ff250654000-7ff250754000 rw-p 00000000 00:00 0                          [stack:14191]
7ff250754000-7ff250755000 ---p 00000000 00:00 0 
7ff250755000-7ff250855000 rw-p 00000000 00:00 0                          [stack:14190]
7ff250855000-7ff250856000 ---p 00000000 00:00 0 
7ff250856000-7ff250956000 rw-p 00000000 00:00 0                          [stack:14189]
7ff250956000-7ff250957000 ---p 00000000 00:00 0 
7ff250957000-7ff250a62000 rw-p 00000000 00:00 0                          [stack:14188]
7ff250a62000-7ff250aaa000 rw-p 00000000 00:00 0 
7ff250aaa000-7ff250ad3000 rw-p 00000000 00:00 0 
7ff250ad3000-7ff250d3a000 rw-p 00000000 00:00 0 
7ff250d3a000-7ff250d45000 rw-p 00000000 00:00 0 
7ff250d45000-7ff250d8d000 rw-p 00000000 00:00 0 
7ff250d8d000-7ff250db6000 rw-p 00000000 00:00 0 
7ff250db6000-7ff25101c000 rw-p 00000000 00:00 0 
7ff25101c000-7ff251031000 rw-p 00000000 00:00 0 
7ff251031000-7ff251164000 rw-p 00000000 00:00 0 
7ff251164000-7ff251165000 rw-p 00000000 00:00 0 
7ff251165000-7ff25116c000 r-xp 00000000 07:00 1937412                    /usr/lib/jvm/java-6-openjdk-amd64/jre/lib/amd64/libzip.so
7ff25116c000-7ff25136b000 ---p 00007000 07:00 1937412                    /usr/lib/jvm/java-6-openjdk-amd64/jre/lib/amd64/libzip.so
7ff25136b000-7ff25136c000 r--p 00006000 07:00 1937412                    /usr/lib/jvm/java-6-openjdk-amd64/jre/lib/amd64/libzip.so
7ff25136c000-7ff25136d000 rw-p 00007000 07:00 1937412                    /usr/lib/jvm/java-6-openjdk-amd64/jre/lib/amd64/libzip.so
7ff25136d000-7ff251379000 r-xp 00000000 07:00 161949                     /lib/x86_64-linux-gnu/libnss_files-2.15.so
7ff251379000-7ff251578000 ---p 0000c000 07:00 161949                     /lib/x86_64-linux-gnu/libnss_files-2.15.so
7ff251578000-7ff251579000 r--p 0000b000 07:00 161949                     /lib/x86_64-linux-gnu/libnss_files-2.15.so
7ff251579000-7ff25157a000 rw-p 0000c000 07:00 161949                     /lib/x86_64-linux-gnu/libnss_files-2.15.so
7ff25157a000-7ff251584000 r-xp 00000000 07:00 161957                     /lib/x86_64-linux-gnu/libnss_nis-2.15.so
7ff251584000-7ff251784000 ---p 0000a000 07:00 161957                     /lib/x86_64-linux-gnu/libnss_nis-2.15.so
7ff251784000-7ff251785000 r--p 0000a000 07:00 161957                     /lib/x86_64-linux-gnu/libnss_nis-2.15.so
7ff251785000-7ff251786000 rw-p 0000b000 07:00 161957                     /lib/x86_64-linux-gnu/libnss_nis-2.15.so
7ff251786000-7ff25179d000 r-xp 00000000 07:00 161972                     /lib/x86_64-linux-gnu/libnsl-2.15.so
7ff25179d000-7ff25199c000 ---p 00017000 07:00 161972                     /lib/x86_64-linux-gnu/libnsl-2.15.so
7ff25199c000-7ff25199d000 r--p 00016000 07:00 161972                     /lib/x86_64-linux-gnu/libnsl-2.15.so
7ff25199d000-7ff25199e000 rw-p 00017000 07:00 161972                     /lib/x86_64-linux-gnu/libnsl-2.15.so
7ff25199e000-7ff2519a0000 rw-p 00000000 00:00 0 
7ff2519a0000-7ff2519a8000 r-xp 00000000 07:00 161945                     /lib/x86_64-linux-gnu/libnss_compat-2.15.so
7ff2519a8000-7ff251ba7000 ---p 00008000 07:00 161945                     /lib/x86_64-linux-gnu/libnss_compat-2.15.so
7ff251ba7000-7ff251ba8000 r--p 00007000 07:00 161945                     /lib/x86_64-linux-gnu/libnss_compat-2.15.so
7ff251ba8000-7ff251ba9000 rw-p 00008000 07:00 161945                     /lib/x86_64-linux-gnu/libnss_compat-2.15.so
7ff251ba9000-7ff251bd5000 r-xp 00000000 07:00 1937411                    /usr/lib/jvm/java-6-openjdk-amd64/jre/lib/amd64/libjava.so
7ff251bd5000-7ff251dd4000 ---p 0002c000 07:00 1937411                    /usr/lib/jvm/java-6-openjdk-amd64/jre/lib/amd64/libjava.so
7ff251dd4000-7ff251dd5000 r--p 0002b000 07:00 1937411                    /usr/lib/jvm/java-6-openjdk-amd64/jre/lib/amd64/libjava.so
7ff251dd5000-7ff251dd8000 rw-p 0002c000 07:00 1937411                    /usr/lib/jvm/java-6-openjdk-amd64/jre/lib/amd64/libjava.so
7ff251dd8000-7ff251de6000 r-xp 00000000 07:00 1937433                    /usr/lib/jvm/java-6-openjdk-amd64/jre/lib/amd64/libverify.so
7ff251de6000-7ff251fe5000 ---p 0000e000 07:00 1937433                    /usr/lib/jvm/java-6-openjdk-amd64/jre/lib/amd64/libverify.so
7ff251fe5000-7ff251fe7000 r--p 0000d000 07:00 1937433                    /usr/lib/jvm/java-6-openjdk-amd64/jre/lib/amd64/libverify.so
7ff251fe7000-7ff251fe8000 rw-p 0000f000 07:00 1937433                    /usr/lib/jvm/java-6-openjdk-amd64/jre/lib/amd64/libverify.so
7ff251fe8000-7ff251fef000 r-xp 00000000 07:00 161955                     /lib/x86_64-linux-gnu/librt-2.15.so
7ff251fef000-7ff2521ee000 ---p 00007000 07:00 161955                     /lib/x86_64-linux-gnu/librt-2.15.so
7ff2521ee000-7ff2521ef000 r--p 00006000 07:00 161955                     /lib/x86_64-linux-gnu/librt-2.15.so
7ff2521ef000-7ff2521f0000 rw-p 00007000 07:00 161955                     /lib/x86_64-linux-gnu/librt-2.15.so
7ff2521f0000-7ff252205000 r-xp 00000000 07:00 95252                      /lib/x86_64-linux-gnu/libgcc_s.so.1
7ff252205000-7ff252404000 ---p 00015000 07:00 95252                      /lib/x86_64-linux-gnu/libgcc_s.so.1
7ff252404000-7ff252405000 r--p 00014000 07:00 95252                      /lib/x86_64-linux-gnu/libgcc_s.so.1
7ff252405000-7ff252406000 rw-p 00015000 07:00 95252                      /lib/x86_64-linux-gnu/libgcc_s.so.1
7ff252406000-7ff252501000 r-xp 00000000 07:00 161963                     /lib/x86_64-linux-gnu/libm-2.15.so
7ff252501000-7ff252700000 ---p 000fb000 07:00 161963                     /lib/x86_64-linux-gnu/libm-2.15.so
7ff252700000-7ff252701000 r--p 000fa000 07:00 161963                     /lib/x86_64-linux-gnu/libm-2.15.so
7ff252701000-7ff252702000 rw-p 000fb000 07:00 161963                     /lib/x86_64-linux-gnu/libm-2.15.so
7ff252702000-7ff2527e4000 r-xp 00000000 07:00 71449                      /usr/lib/x86_64-linux-gnu/libstdc++.so.6.0.16
7ff2527e4000-7ff2529e3000 ---p 000e2000 07:00 71449                      /usr/lib/x86_64-linux-gnu/libstdc++.so.6.0.16
7ff2529e3000-7ff2529eb000 r--p 000e1000 07:00 71449                      /usr/lib/x86_64-linux-gnu/libstdc++.so.6.0.16
7ff2529eb000-7ff2529ed000 rw-p 000e9000 07:00 71449                      /usr/lib/x86_64-linux-gnu/libstdc++.so.6.0.16
7ff2529ed000-7ff252a02000 rw-p 00000000 00:00 0 
7ff252a02000-7ff253302000 r-xp 00000000 07:00 1964035                    /usr/lib/jvm/java-6-openjdk-amd64/jre/lib/amd64/server/libjvm.so
7ff253302000-7ff253502000 ---p 00900000 07:00 1964035                    /usr/lib/jvm/java-6-openjdk-amd64/jre/lib/amd64/server/libjvm.so
7ff253502000-7ff253583000 r--p 00900000 07:00 1964035                    /usr/lib/jvm/java-6-openjdk-amd64/jre/lib/amd64/server/libjvm.so
7ff253583000-7ff25359e000 rw-p 00981000 07:00 1964035                    /usr/lib/jvm/java-6-openjdk-amd64/jre/lib/amd64/server/libjvm.so
7ff25359e000-7ff2535c7000 rw-p 00000000 00:00 0 
7ff2535c7000-7ff2535dd000 r-xp 00000000 07:00 95320                      /lib/x86_64-linux-gnu/libz.so.1.2.3.4
7ff2535dd000-7ff2537dc000 ---p 00016000 07:00 95320                      /lib/x86_64-linux-gnu/libz.so.1.2.3.4
7ff2537dc000-7ff2537dd000 r--p 00015000 07:00 95320                      /lib/x86_64-linux-gnu/libz.so.1.2.3.4
7ff2537dd000-7ff2537de000 rw-p 00016000 07:00 95320                      /lib/x86_64-linux-gnu/libz.so.1.2.3.4
7ff2537de000-7ff253993000 r-xp 00000000 07:00 184635                     /lib/x86_64-linux-gnu/libc-2.15.so
7ff253993000-7ff253b93000 ---p 001b5000 07:00 184635                     /lib/x86_64-linux-gnu/libc-2.15.so
7ff253b93000-7ff253b97000 r--p 001b5000 07:00 184635                     /lib/x86_64-linux-gnu/libc-2.15.so
7ff253b97000-7ff253b99000 rw-p 001b9000 07:00 184635                     /lib/x86_64-linux-gnu/libc-2.15.so
7ff253b99000-7ff253b9e000 rw-p 00000000 00:00 0 
7ff253b9e000-7ff253ba0000 r-xp 00000000 07:00 161967                     /lib/x86_64-linux-gnu/libdl-2.15.so
7ff253ba0000-7ff253da0000 ---p 00002000 07:00 161967                     /lib/x86_64-linux-gnu/libdl-2.15.so
7ff253da0000-7ff253da1000 r--p 00002000 07:00 161967                     /lib/x86_64-linux-gnu/libdl-2.15.so
7ff253da1000-7ff253da2000 rw-p 00003000 07:00 161967                     /lib/x86_64-linux-gnu/libdl-2.15.so
7ff253da2000-7ff253da6000 r-xp 00000000 07:00 1941505                    /usr/lib/jvm/java-6-openjdk-amd64/jre/lib/amd64/jli/libjli.so
7ff253da6000-7ff253fa5000 ---p 00004000 07:00 1941505                    /usr/lib/jvm/java-6-openjdk-amd64/jre/lib/amd64/jli/libjli.so
7ff253fa5000-7ff253fa6000 r--p 00003000 07:00 1941505                    /usr/lib/jvm/java-6-openjdk-amd64/jre/lib/amd64/jli/libjli.so
7ff253fa6000-7ff253fa7000 rw-p 00004000 07:00 1941505                    /usr/lib/jvm/java-6-openjdk-amd64/jre/lib/amd64/jli/libjli.so
7ff253fa7000-7ff253fbf000 r-xp 00000000 07:00 161959                     /lib/x86_64-linux-gnu/libpthread-2.15.so
7ff253fbf000-7ff2541be000 ---p 00018000 07:00 161959                     /lib/x86_64-linux-gnu/libpthread-2.15.so
7ff2541be000-7ff2541bf000 r--p 00017000 07:00 161959                     /lib/x86_64-linux-gnu/libpthread-2.15.so
7ff2541bf000-7ff2541c0000 rw-p 00018000 07:00 161959                     /lib/x86_64-linux-gnu/libpthread-2.15.so
7ff2541c0000-7ff2541c4000 rw-p 00000000 00:00 0 
7ff2541c4000-7ff2541e6000 r-xp 00000000 07:00 161964                     /lib/x86_64-linux-gnu/ld-2.15.so
7ff254201000-7ff25420b000 rw-p 00000000 00:00 0 
7ff25420b000-7ff2542c1000 rw-p 00000000 00:00 0 
7ff2542c1000-7ff2542c4000 ---p 00000000 00:00 0 
7ff2542c4000-7ff2543c7000 rw-p 00000000 00:00 0                          [stack:14187]
7ff2543da000-7ff2543e2000 rw-s 00000000 07:00 2100233                    /tmp/hsperfdata_guillaume/14182
7ff2543e2000-7ff2543e3000 rw-p 00000000 00:00 0 
7ff2543e3000-7ff2543e4000 r--p 00000000 00:00 0 
7ff2543e4000-7ff2543e6000 rw-p 00000000 00:00 0 
7ff2543e6000-7ff2543e7000 r--p 00022000 07:00 161964                     /lib/x86_64-linux-gnu/ld-2.15.so
7ff2543e7000-7ff2543e9000 rw-p 00023000 07:00 161964                     /lib/x86_64-linux-gnu/ld-2.15.so
7fff9ad00000-7fff9ad21000 rw-p 00000000 00:00 0                          [stack]
7fff9adff000-7fff9ae00000 r-xp 00000000 00:00 0                          [vdso]
ffffffffff600000-ffffffffff601000 r-xp 00000000 00:00 0                  [vsyscall]

VM Arguments:
jvm_args: -Dfile.encoding=UTF-8 -Xbootclasspath:/home/guillaume/android-sdks/platforms/android-18/android.jar 
java_command: com.giggs.apps.chaos.game.logic.GameTest
Launcher Type: SUN_STANDARD

Environment Variables:
PATH=/home/guillaume/bin:/usr/lib/lightdm/lightdm:/usr/local/sbin:/usr/local/bin:/usr/sbin:/usr/bin:/sbin:/bin:/usr/games
LD_LIBRARY_PATH=/usr/lib/jvm/java-6-openjdk-amd64/jre/lib/amd64/server:/usr/lib/jvm/java-6-openjdk-amd64/jre/lib/amd64:/usr/lib/jvm/java-6-openjdk-amd64/jre/../lib/amd64
SHELL=/bin/bash
DISPLAY=:0

Signal Handlers:
SIGSEGV: [libjvm.so+0x7837a0], sa_mask[0]=0x7ffbfeff, sa_flags=0x10000004
SIGBUS: [libjvm.so+0x7837a0], sa_mask[0]=0x7ffbfeff, sa_flags=0x10000004
SIGFPE: [libjvm.so+0x647720], sa_mask[0]=0x7ffbfeff, sa_flags=0x10000004
SIGPIPE: [libjvm.so+0x647720], sa_mask[0]=0x7ffbfeff, sa_flags=0x10000004
SIGXFSZ: [libjvm.so+0x647720], sa_mask[0]=0x7ffbfeff, sa_flags=0x10000004
SIGILL: [libjvm.so+0x647720], sa_mask[0]=0x7ffbfeff, sa_flags=0x10000004
SIGUSR1: SIG_DFL, sa_mask[0]=0x00000000, sa_flags=0x00000000
SIGUSR2: [libjvm.so+0x647900], sa_mask[0]=0x00000004, sa_flags=0x10000004
SIGHUP: SIG_DFL, sa_mask[0]=0x00000000, sa_flags=0x00000000
SIGINT: SIG_DFL, sa_mask[0]=0x00000000, sa_flags=0x00000000
SIGTERM: SIG_DFL, sa_mask[0]=0x00000000, sa_flags=0x00000000
SIGQUIT: SIG_DFL, sa_mask[0]=0x00000000, sa_flags=0x00000000


---------------  S Y S T E M  ---------------

OS:Ubuntu 12.04 (precise)
uname:Linux 3.5.0-43-generic #66~precise1-Ubuntu SMP Thu Oct 24 14:52:23 UTC 2013 x86_64
libc:glibc 2.15 NPTL 2.15 
rlimit: STACK 8192k, CORE 0k, NPROC 62734, NOFILE 4096, AS infinity
load average:1.04 0.67 0.61

/proc/meminfo:
MemTotal:        8048768 kB
MemFree:          179064 kB
Buffers:         2742968 kB
Cached:          3307984 kB
SwapCached:          248 kB
Active:          3023136 kB
Inactive:        4370880 kB
Active(anon):    1212144 kB
Inactive(anon):   606668 kB
Active(file):    1810992 kB
Inactive(file):  3764212 kB
Unevictable:        1632 kB
Mlocked:             148 kB
SwapTotal:        262140 kB
SwapFree:         260072 kB
Dirty:              2824 kB
Writeback:             0 kB
AnonPages:       1344664 kB
Mapped:           199632 kB
Shmem:            474264 kB
Slab:             355700 kB
SReclaimable:     317348 kB
SUnreclaim:        38352 kB
KernelStack:        3960 kB
PageTables:        28076 kB
NFS_Unstable:          0 kB
Bounce:                0 kB
WritebackTmp:          0 kB
CommitLimit:     4286524 kB
Committed_AS:    4741592 kB
VmallocTotal:   34359738367 kB
VmallocUsed:      371700 kB
VmallocChunk:   34359313964 kB
HardwareCorrupted:     0 kB
AnonHugePages:         0 kB
HugePages_Total:       0
HugePages_Free:        0
HugePages_Rsvd:        0
HugePages_Surp:        0
Hugepagesize:       2048 kB
DirectMap4k:       90112 kB
DirectMap2M:     8189952 kB


CPU:total 4 (2 cores per cpu, 2 threads per core) family 6 model 58 stepping 9, cmov, cx8, fxsr, mmx, sse, sse2, sse3, ssse3, sse4.1, sse4.2, popcnt, ht

Memory: 4k page, physical 8048768k(179064k free), swap 262140k(260072k free)

vm_info: OpenJDK 64-Bit Server VM (20.0-b12) for linux-amd64 JRE (1.6.0_27-b27), built on Jul 17 2013 13:53:24 by "buildd" with gcc 4.6.3

time: Wed Nov 20 12:10:57 2013
elapsed time: 0 seconds

